# JRE version: OpenJDK Runtime Environment Temurin-21.0.11+10 (21.0.11+10) (build 21.0.11+10-LTS)
# Java VM: OpenJDK 64-Bit Server VM Temurin-21.0.11+10 (21.0.11+10-LTS, mixed mode, sharing, tiered, compressed oops, compressed class ptrs, parallel gc, windows-amd64)
GC Precious Log:
 CardTable entry size: 512
 CPUs: 12 total, 12 available
 Memory: 16055M
 Large Page Support: Disabled
 NUMA Support: Disabled
 Compressed Oops: Enabled (32-bit)
 Alignments: Space 512K, Generation 512K, Heap 2M
 Heap Min Capacity: 100M
 Heap Initial Capacity: 100M
 Heap Max Capacity: 2G
 Pre-touch: Disabled
 Parallel Workers: 10
Heap:
 PSYoungGen      total 5120K, used 738K [0x00000000d5580000, 0x00000000d5c80000, 0x0000000100000000)
  eden space 4608K, 9% used [0x00000000d5580000,0x00000000d55f0a48,0x00000000d5a00000)
  from space 512K, 56% used [0x00000000d5c00000,0x00000000d5c48000,0x00000000d5c80000)
  to   space 512K, 0% used [0x00000000d5b80000,0x00000000d5b80000,0x00000000d5c00000)
 ParOldGen       total 721920K, used 721590K [0x0000000080000000, 0x00000000ac100000, 0x00000000d5580000)
  object space 721920K, 99% used [0x0000000080000000,0x00000000ac0ad918,0x00000000ac100000)
 Metaspace       used 93174K, committed 94976K, reserved 1179648K
  class space    used 9399K, committed 10176K, reserved 1048576K
GC Heap History (20 events):
Event: 177574.557 GC heap before
{Heap before GC invocations=3781 (full 6):
 PSYoungGen      total 5632K, used 5014K [0x00000000d5580000, 0x00000000d5c80000, 0x0000000100000000)
  eden space 3584K, 100% used [0x00000000d5580000,0x00000000d5900000,0x00000000d5900000)
  from space 2048K, 69% used [0x00000000d5a80000,0x00000000d5be5950,0x00000000d5c80000)
  to   space 1536K, 0% used [0x00000000d5900000,0x00000000d5900000,0x00000000d5a80000)
 ParOldGen       total 712192K, used 712169K [0x0000000080000000, 0x00000000ab780000, 0x00000000d5580000)
  object space 712192K, 99% used [0x0000000080000000,0x00000000ab77a758,0x00000000ab780000)
 Metaspace       used 93168K, committed 94976K, reserved 1179648K
  class space    used 9399K, committed 10176K, reserved 1048576K
}
Event: 177574.560 GC heap after
{Heap after GC invocations=3781 (full 6):
 PSYoungGen      total 5120K, used 1509K [0x00000000d5580000, 0x00000000d6100000, 0x0000000100000000)
  eden space 3584K, 0% used [0x00000000d5580000,0x00000000d5580000,0x00000000d5900000)
  from space 1536K, 98% used [0x00000000d5900000,0x00000000d5a79748,0x00000000d5a80000)
  to   space 3584K, 0% used [0x00000000d5d80000,0x00000000d5d80000,0x00000000d6100000)
 ParOldGen       total 714240K, used 713697K [0x0000000080000000, 0x00000000ab980000, 0x00000000d5580000)
  object space 714240K, 99% used [0x0000000080000000,0x00000000ab8f8680,0x00000000ab980000)
 Metaspace       used 93168K, committed 94976K, reserved 1179648K
  class space    used 9399K, committed 10176K, reserved 1048576K
}
Event: 177574.577 GC heap before
{Heap before GC invocations=3782 (full 6):
 PSYoungGen      total 5120K, used 4993K [0x00000000d5580000, 0x00000000d6100000, 0x0000000100000000)
  eden space 3584K, 97% used [0x00000000d5580000,0x00000000d58e70b0,0x00000000d5900000)
  from space 1536K, 98% used [0x00000000d5900000,0x00000000d5a79748,0x00000000d5a80000)
  to   space 3584K, 0% used [0x00000000d5d80000,0x00000000d5d80000,0x00000000d6100000)
 ParOldGen       total 714240K, used 713697K [0x0000000080000000, 0x00000000ab980000, 0x00000000d5580000)
  object space 714240K, 99% used [0x0000000080000000,0x00000000ab8f8680,0x00000000ab980000)
 Metaspace       used 93168K, committed 94976K, reserved 1179648K
  class space    used 9399K, committed 10176K, reserved 1048576K
}
Event: 177574.580 GC heap after
{Heap after GC invocations=3782 (full 6):
 PSYoungGen      total 5632K, used 1954K [0x00000000d5580000, 0x00000000d5f80000, 0x0000000100000000)
  eden space 3584K, 0% used [0x00000000d5580000,0x00000000d5580000,0x00000000d5900000)
  from space 2048K, 95% used [0x00000000d5d80000,0x00000000d5f68858,0x00000000d5f80000)
  to   space 2560K, 0% used [0x00000000d5a80000,0x00000000d5a80000,0x00000000d5d00000)
 ParOldGen       total 715776K, used 715239K [0x0000000080000000, 0x00000000abb00000, 0x00000000d5580000)
  object space 715776K, 99% used [0x0000000080000000,0x00000000aba79eb0,0x00000000abb00000)
 Metaspace       used 93168K, committed 94976K, reserved 1179648K
  class space    used 9399K, committed 10176K, reserved 1048576K
}
Event: 177574.598 GC heap before
{Heap before GC invocations=3783 (full 6):
 PSYoungGen      total 5632K, used 5538K [0x00000000d5580000, 0x00000000d5f80000, 0x0000000100000000)
  eden space 3584K, 100% used [0x00000000d5580000,0x00000000d5900000,0x00000000d5900000)
  from space 2048K, 95% used [0x00000000d5d80000,0x00000000d5f68858,0x00000000d5f80000)
  to   space 2560K, 0% used [0x00000000d5a80000,0x00000000d5a80000,0x00000000d5d00000)
 ParOldGen       total 715776K, used 715239K [0x0000000080000000, 0x00000000abb00000, 0x00000000d5580000)
  object space 715776K, 99% used [0x0000000080000000,0x00000000aba79eb0,0x00000000abb00000)
 Metaspace       used 93168K, committed 94976K, reserved 1179648K
  class space    used 9399K, committed 10176K, reserved 1048576K
}
Event: 177574.602 GC heap after
{Heap after GC invocations=3783 (full 6):
 PSYoungGen      total 5632K, used 1957K [0x00000000d5580000, 0x00000000d5e00000, 0x0000000100000000)
  eden space 3584K, 0% used [0x00000000d5580000,0x00000000d5580000,0x00000000d5900000)
  from space 2048K, 95% used [0x00000000d5a80000,0x00000000d5c69688,0x00000000d5c80000)
  to   space 1536K, 0% used [0x00000000d5c80000,0x00000000d5c80000,0x00000000d5e00000)
 ParOldGen       total 717312K, used 717037K [0x0000000080000000, 0x00000000abc80000, 0x00000000d5580000)
  object space 717312K, 99% used [0x0000000080000000,0x00000000abc3b600,0x00000000abc80000)
 Metaspace       used 93168K, committed 94976K, reserved 1179648K
  class space    used 9399K, committed 10176K, reserved 1048576K
}
Event: 177574.608 GC heap before
{Heap before GC invocations=3784 (full 6):
 PSYoungGen      total 5632K, used 5541K [0x00000000d5580000, 0x00000000d5e00000, 0x0000000100000000)
  eden space 3584K, 100% used [0x00000000d5580000,0x00000000d5900000,0x00000000d5900000)
  from space 2048K, 95% used [0x00000000d5a80000,0x00000000d5c69688,0x00000000d5c80000)
  to   space 1536K, 0% used [0x00000000d5c80000,0x00000000d5c80000,0x00000000d5e00000)
 ParOldGen       total 717312K, used 717037K [0x0000000080000000, 0x00000000abc80000, 0x00000000d5580000)
  object space 717312K, 99% used [0x0000000080000000,0x00000000abc3b600,0x00000000abc80000)
 Metaspace       used 93168K, committed 94976K, reserved 1179648K
  class space    used 9399K, committed 10176K, reserved 1048576K
}
Event: 177574.611 GC heap after
{Heap after GC invocations=3784 (full 6):
 PSYoungGen      total 5632K, used 704K [0x00000000d5580000, 0x00000000d5d80000, 0x0000000100000000)
  eden space 4608K, 0% used [0x00000000d5580000,0x00000000d5580000,0x00000000d5a00000)
  from space 1024K, 68% used [0x00000000d5c80000,0x00000000d5d30000,0x00000000d5d80000)
  to   space 1536K, 0% used [0x00000000d5a80000,0x00000000d5a80000,0x00000000d5c00000)
 ParOldGen       total 718848K, used 718807K [0x0000000080000000, 0x00000000abe00000, 0x00000000d5580000)
  object space 718848K, 99% used [0x0000000080000000,0x00000000abdf5fa8,0x00000000abe00000)
 Metaspace       used 93168K, committed 94976K, reserved 1179648K
  class space    used 9399K, committed 10176K, reserved 1048576K
}
Event: 177574.631 GC heap before
{Heap before GC invocations=3785 (full 6):
 PSYoungGen      total 5632K, used 5312K [0x00000000d5580000, 0x00000000d5d80000, 0x0000000100000000)
  eden space 4608K, 100% used [0x00000000d5580000,0x00000000d5a00000,0x00000000d5a00000)
  from space 1024K, 68% used [0x00000000d5c80000,0x00000000d5d30000,0x00000000d5d80000)
  to   space 1536K, 0% used [0x00000000d5a80000,0x00000000d5a80000,0x00000000d5c00000)
 ParOldGen       total 718848K, used 718807K [0x0000000080000000, 0x00000000abe00000, 0x00000000d5580000)
  object space 718848K, 99% used [0x0000000080000000,0x00000000abdf5fa8,0x00000000abe00000)
 Metaspace       used 93168K, committed 94976K, reserved 1179648K
  class space    used 9399K, committed 10176K, reserved 1048576K
}
Event: 177574.634 GC heap after
{Heap after GC invocations=3785 (full 6):
 PSYoungGen      total 6144K, used 576K [0x00000000d5580000, 0x00000000d5d00000, 0x0000000100000000)
  eden space 4608K, 0% used [0x00000000d5580000,0x00000000d5580000,0x00000000d5a00000)
  from space 1536K, 37% used [0x00000000d5a80000,0x00000000d5b10000,0x00000000d5c00000)
  to   space 1024K, 0% used [0x00000000d5c00000,0x00000000d5c00000,0x00000000d5d00000)
 ParOldGen       total 719360K, used 719335K [0x0000000080000000, 0x00000000abe80000, 0x00000000d5580000)
  object space 719360K, 99% used [0x0000000080000000,0x00000000abe79fa8,0x00000000abe80000)
 Metaspace       used 93168K, committed 94976K, reserved 1179648K
  class space    used 9399K, committed 10176K, reserved 1048576K
}
Event: 177574.665 GC heap before
{Heap before GC invocations=3786 (full 6):
 PSYoungGen      total 6144K, used 5183K [0x00000000d5580000, 0x00000000d5d00000, 0x0000000100000000)
  eden space 4608K, 99% used [0x00000000d5580000,0x00000000d59ffff0,0x00000000d5a00000)
  from space 1536K, 37% used [0x00000000d5a80000,0x00000000d5b10000,0x00000000d5c00000)
  to   space 1024K, 0% used [0x00000000d5c00000,0x00000000d5c00000,0x00000000d5d00000)
 ParOldGen       total 719360K, used 719335K [0x0000000080000000, 0x00000000abe80000, 0x00000000d5580000)
  object space 719360K, 99% used [0x0000000080000000,0x00000000abe79fa8,0x00000000abe80000)
 Metaspace       used 93168K, committed 94976K, reserved 1179648K
  class space    used 9399K, committed 10176K, reserved 1048576K
}
Event: 177574.668 GC heap after
{Heap after GC invocations=3786 (full 6):
 PSYoungGen      total 5632K, used 672K [0x00000000d5580000, 0x00000000d5d00000, 0x0000000100000000)
  eden space 4608K, 0% used [0x00000000d5580000,0x00000000d5580000,0x00000000d5a00000)
  from space 1024K, 65% used [0x00000000d5c00000,0x00000000d5ca8000,0x00000000d5d00000)
  to   space 1024K, 0% used [0x00000000d5b00000,0x00000000d5b00000,0x00000000d5c00000)
 ParOldGen       total 719872K, used 719767K [0x0000000080000000, 0x00000000abf00000, 0x00000000d5580000)
  object space 719872K, 99% used [0x0000000080000000,0x00000000abee5fa8,0x00000000abf00000)
 Metaspace       used 93168K, committed 94976K, reserved 1179648K
  class space    used 9399K, committed 10176K, reserved 1048576K
}
Event: 177574.812 GC heap before
{Heap before GC invocations=3787 (full 6):
 PSYoungGen      total 5632K, used 5279K [0x00000000d5580000, 0x00000000d5d00000, 0x0000000100000000)
  eden space 4608K, 99% used [0x00000000d5580000,0x00000000d59fffe8,0x00000000d5a00000)
  from space 1024K, 65% used [0x00000000d5c00000,0x00000000d5ca8000,0x00000000d5d00000)
  to   space 1024K, 0% used [0x00000000d5b00000,0x00000000d5b00000,0x00000000d5c00000)
 ParOldGen       total 719872K, used 719767K [0x0000000080000000, 0x00000000abf00000, 0x00000000d5580000)
  object space 719872K, 99% used [0x0000000080000000,0x00000000abee5fa8,0x00000000abf00000)
 Metaspace       used 93174K, committed 94976K, reserved 1179648K
  class space    used 9399K, committed 10176K, reserved 1048576K
}
Event: 177574.815 GC heap after
{Heap after GC invocations=3787 (full 6):
 PSYoungGen      total 5632K, used 1024K [0x00000000d5580000, 0x00000000d5e00000, 0x0000000100000000)
  eden space 4608K, 0% used [0x00000000d5580000,0x00000000d5580000,0x00000000d5a00000)
  from space 1024K, 100% used [0x00000000d5b00000,0x00000000d5c00000,0x00000000d5c00000)
  to   space 2048K, 0% used [0x00000000d5c00000,0x00000000d5c00000,0x00000000d5e00000)
 ParOldGen       total 720384K, used 720273K [0x0000000080000000, 0x00000000abf80000, 0x00000000d5580000)
  object space 720384K, 99% used [0x0000000080000000,0x00000000abf64458,0x00000000abf80000)
 Metaspace       used 93174K, committed 94976K, reserved 1179648K
  class space    used 9399K, committed 10176K, reserved 1048576K
}
Event: 177574.855 GC heap before
{Heap before GC invocations=3788 (full 6):
 PSYoungGen      total 5632K, used 5140K [0x00000000d5580000, 0x00000000d5e00000, 0x0000000100000000)
  eden space 4608K, 89% used [0x00000000d5580000,0x00000000d59852e8,0x00000000d5a00000)
  from space 1024K, 100% used [0x00000000d5b00000,0x00000000d5c00000,0x00000000d5c00000)
  to   space 2048K, 0% used [0x00000000d5c00000,0x00000000d5c00000,0x00000000d5e00000)
 ParOldGen       total 720384K, used 720273K [0x0000000080000000, 0x00000000abf80000, 0x00000000d5580000)
  object space 720384K, 99% used [0x0000000080000000,0x00000000abf64458,0x00000000abf80000)
 Metaspace       used 93174K, committed 94976K, reserved 1179648K
  class space    used 9399K, committed 10176K, reserved 1048576K
}
Event: 177574.858 GC heap after
{Heap after GC invocations=3788 (full 6):
 PSYoungGen      total 5120K, used 416K [0x00000000d5580000, 0x00000000d5c80000, 0x0000000100000000)
  eden space 4608K, 0% used [0x00000000d5580000,0x00000000d5580000,0x00000000d5a00000)
  from space 512K, 81% used [0x00000000d5c00000,0x00000000d5c68020,0x00000000d5c80000)
  to   space 1024K, 0% used [0x00000000d5a80000,0x00000000d5a80000,0x00000000d5b80000)
 ParOldGen       total 721408K, used 721254K [0x0000000080000000, 0x00000000ac080000, 0x00000000d5580000)
  object space 721408K, 99% used [0x0000000080000000,0x00000000ac0598f8,0x00000000ac080000)
 Metaspace       used 93174K, committed 94976K, reserved 1179648K
  class space    used 9399K, committed 10176K, reserved 1048576K
}
Event: 177574.898 GC heap before
{Heap before GC invocations=3789 (full 6):
 PSYoungGen      total 5120K, used 4972K [0x00000000d5580000, 0x00000000d5c80000, 0x0000000100000000)
  eden space 4608K, 98% used [0x00000000d5580000,0x00000000d59f30d8,0x00000000d5a00000)
  from space 512K, 81% used [0x00000000d5c00000,0x00000000d5c68020,0x00000000d5c80000)
  to   space 1024K, 0% used [0x00000000d5a80000,0x00000000d5a80000,0x00000000d5b80000)
 ParOldGen       total 721408K, used 721254K [0x0000000080000000, 0x00000000ac080000, 0x00000000d5580000)
  object space 721408K, 99% used [0x0000000080000000,0x00000000ac0598f8,0x00000000ac080000)
 Metaspace       used 93174K, committed 94976K, reserved 1179648K
  class space    used 9399K, committed 10176K, reserved 1048576K
}
Event: 177574.900 GC heap after
{Heap after GC invocations=3789 (full 6):
 PSYoungGen      total 5632K, used 288K [0x00000000d5580000, 0x00000000d5c80000, 0x0000000100000000)
  eden space 4608K, 0% used [0x00000000d5580000,0x00000000d5580000,0x00000000d5a00000)
  from space 1024K, 28% used [0x00000000d5a80000,0x00000000d5ac8000,0x00000000d5b80000)
  to   space 512K, 0% used [0x00000000d5c00000,0x00000000d5c00000,0x00000000d5c80000)
 ParOldGen       total 721920K, used 721510K [0x0000000080000000, 0x00000000ac100000, 0x00000000d5580000)
  object space 721920K, 99% used [0x0000000080000000,0x00000000ac099918,0x00000000ac100000)
 Metaspace       used 93174K, committed 94976K, reserved 1179648K
  class space    used 9399K, committed 10176K, reserved 1048576K
}
Event: 177575.198 GC heap before
{Heap before GC invocations=3790 (full 6):
 PSYoungGen      total 5632K, used 4896K [0x00000000d5580000, 0x00000000d5c80000, 0x0000000100000000)
  eden space 4608K, 100% used [0x00000000d5580000,0x00000000d5a00000,0x00000000d5a00000)
  from space 1024K, 28% used [0x00000000d5a80000,0x00000000d5ac8000,0x00000000d5b80000)
  to   space 512K, 0% used [0x00000000d5c00000,0x00000000d5c00000,0x00000000d5c80000)
 ParOldGen       total 721920K, used 721510K [0x0000000080000000, 0x00000000ac100000, 0x00000000d5580000)
  object space 721920K, 99% used [0x0000000080000000,0x00000000ac099918,0x00000000ac100000)
 Metaspace       used 93174K, committed 94976K, reserved 1179648K
  class space    used 9399K, committed 10176K, reserved 1048576K
}
Event: 177575.199 GC heap after
{Heap after GC invocations=3790 (full 6):
 PSYoungGen      total 5120K, used 288K [0x00000000d5580000, 0x00000000d5c80000, 0x0000000100000000)
  eden space 4608K, 0% used [0x00000000d5580000,0x00000000d5580000,0x00000000d5a00000)
  from space 512K, 56% used [0x00000000d5c00000,0x00000000d5c48000,0x00000000d5c80000)
  to   space 512K, 0% used [0x00000000d5b80000,0x00000000d5b80000,0x00000000d5c00000)
 ParOldGen       total 721920K, used 721590K [0x0000000080000000, 0x00000000ac100000, 0x00000000d5580000)
  object space 721920K, 99% used [0x0000000080000000,0x00000000ac0ad918,0x00000000ac100000)
 Metaspace       used 93174K, committed 94976K, reserved 1179648K
  class space    used 9399K, committed 10176K, reserved 1048576K
}

